[01m[K/home/akyatha/colcon_ws/src/husky_tf_broadcaster/src/husky_tf_broadcaster.cpp:[m[K In member function â€˜[01m[Kvoid HuskyTransformBroadcaster::pose_callback(geometry_msgs::msg::Pose_<std::allocator<void> >::SharedPtr)[m[Kâ€™:
[01m[K/home/akyatha/colcon_ws/src/husky_tf_broadcaster/src/husky_tf_broadcaster.cpp:41:9:[m[K [01;31m[Kerror: [m[Kâ€˜[01m[Ktf2_rotate_y_90[m[Kâ€™ was not declared in this scope; did you mean â€˜[01m[Ktf2_rotate_z_90[m[Kâ€™?
   41 |         [01;31m[Ktf2_rotate_y_90[m[K.setRPY(0, 0, M_PI_2);  // Roll, Pitch, Yaw
      |         [01;31m[K^~~~~~~~~~~~~~~[m[K
      |         [32m[Ktf2_rotate_z_90[m[K
make[2]: *** [CMakeFiles/husky_tf_broadcaster.dir/build.make:63: CMakeFiles/husky_tf_broadcaster.dir/src/husky_tf_broadcaster.cpp.o] Error 1
make[1]: *** [CMakeFiles/Makefile2:78: CMakeFiles/husky_tf_broadcaster.dir/all] Error 2
make: *** [Makefile:141: all] Error 2
