[1.824s] Invoking command in '/home/akyatha/colcon_ws/build/husky_tf_broadcaster': CMAKE_PREFIX_PATH=${CMAKE_PREFIX_PATH}:/home/akyatha/colcon_ws/install/ros_tcp_endpoint:/opt/ros/foxy /usr/bin/cmake --build /home/akyatha/colcon_ws/build/husky_tf_broadcaster -- -j8 -l8
[1.896s] [35m[1mScanning dependencies of target husky_tf_broadcaster[0m
[1.943s] [ 50%] [32mBuilding CXX object CMakeFiles/husky_tf_broadcaster.dir/src/husky_tf_broadcaster.cpp.o[0m
[4.361s] [01m[K/home/akyatha/colcon_ws/src/husky_tf_broadcaster/src/husky_tf_broadcaster.cpp:[m[K In member function â€˜[01m[Kvoid HuskyTransformBroadcaster::pose_callback(geometry_msgs::msg::Pose_<std::allocator<void> >::SharedPtr)[m[Kâ€™:
[4.362s] [01m[K/home/akyatha/colcon_ws/src/husky_tf_broadcaster/src/husky_tf_broadcaster.cpp:41:9:[m[K [01;31m[Kerror: [m[Kâ€˜[01m[Ktf2_rotate_y_90[m[Kâ€™ was not declared in this scope; did you mean â€˜[01m[Ktf2_rotate_z_90[m[Kâ€™?
[4.362s]    41 |         [01;31m[Ktf2_rotate_y_90[m[K.setRPY(0, 0, M_PI_2);  // Roll, Pitch, Yaw
[4.362s]       |         [01;31m[K^~~~~~~~~~~~~~~[m[K
[4.363s]       |         [32m[Ktf2_rotate_z_90[m[K
[7.053s] make[2]: *** [CMakeFiles/husky_tf_broadcaster.dir/build.make:63: CMakeFiles/husky_tf_broadcaster.dir/src/husky_tf_broadcaster.cpp.o] Error 1
[7.053s] make[1]: *** [CMakeFiles/Makefile2:78: CMakeFiles/husky_tf_broadcaster.dir/all] Error 2
[7.053s] make: *** [Makefile:141: all] Error 2
[7.056s] Invoked command in '/home/akyatha/colcon_ws/build/husky_tf_broadcaster' returned '2': CMAKE_PREFIX_PATH=${CMAKE_PREFIX_PATH}:/home/akyatha/colcon_ws/install/ros_tcp_endpoint:/opt/ros/foxy /usr/bin/cmake --build /home/akyatha/colcon_ws/build/husky_tf_broadcaster -- -j8 -l8
