[1.520s] Invoking command in '/home/akyatha/colcon_ws/build/husky_tf_broadcaster': CMAKE_PREFIX_PATH=${CMAKE_PREFIX_PATH}:/home/akyatha/colcon_ws/install/ros_tcp_endpoint:/opt/ros/foxy /usr/bin/cmake --build /home/akyatha/colcon_ws/build/husky_tf_broadcaster -- -j8 -l8
[1.597s] [35m[1mScanning dependencies of target husky_tf_broadcaster[0m
[1.634s] [ 50%] [32mBuilding CXX object CMakeFiles/husky_tf_broadcaster.dir/src/husky_tf_broadcaster.cpp.o[0m
[1.675s] [01m[K/home/akyatha/colcon_ws/src/husky_tf_broadcaster/src/husky_tf_broadcaster.cpp:2:10:[m[K [01;31m[Kfatal error: [m[Kgeometry_msgs/TransformStamped.h: No such file or directory
[1.676s]     2 | #include [01;31m[K<geometry_msgs/TransformStamped.h>[m[K
[1.676s]       |          [01;31m[K^~~~~~~~~~~~~~~~~~~~~~~~~~~~~~~~~~[m[K
[1.676s] compilation terminated.
[1.677s] make[2]: *** [CMakeFiles/husky_tf_broadcaster.dir/build.make:63: CMakeFiles/husky_tf_broadcaster.dir/src/husky_tf_broadcaster.cpp.o] Error 1
[1.678s] make[1]: *** [CMakeFiles/Makefile2:78: CMakeFiles/husky_tf_broadcaster.dir/all] Error 2
[1.678s] make: *** [Makefile:141: all] Error 2
[2.588s] Invoked command in '/home/akyatha/colcon_ws/build/husky_tf_broadcaster' returned '2': CMAKE_PREFIX_PATH=${CMAKE_PREFIX_PATH}:/home/akyatha/colcon_ws/install/ros_tcp_endpoint:/opt/ros/foxy /usr/bin/cmake --build /home/akyatha/colcon_ws/build/husky_tf_broadcaster -- -j8 -l8
