[0.650s] Invoking command in '/home/akyatha/colcon_ws/build/husky_tf_broadcaster': CMAKE_PREFIX_PATH=/home/akyatha/colcon_ws/install/ros_tcp_endpoint:/opt/ros/foxy /usr/bin/cmake --build /home/akyatha/colcon_ws/build/husky_tf_broadcaster -- -j8 -l8
[0.700s] [35m[1mScanning dependencies of target husky_tf_broadcaster[0m
[0.744s] [ 50%] [32mBuilding CXX object CMakeFiles/husky_tf_broadcaster.dir/src/husky_tf_broadcaster.cpp.o[0m
[2.513s] [01m[K/home/akyatha/colcon_ws/src/husky_tf_broadcaster/src/husky_tf_broadcaster.cpp:[m[K In constructor â€˜[01m[KHuskyTransformBroadcaster::HuskyTransformBroadcaster()[m[Kâ€™:
[2.513s] [01m[K/home/akyatha/colcon_ws/src/husky_tf_broadcaster/src/husky_tf_broadcaster.cpp:14:62:[m[K [01;31m[Kerror: [m[Kno matching function for call to â€˜[01m[Ktf2_ros::StaticTransformBroadcaster::StaticTransformBroadcaster()[m[Kâ€™
[2.513s]    14 |     HuskyTransformBroadcaster() : Node("husky_tf_broadcaster"[01;31m[K)[m[K
[2.513s]       |                                                              [01;31m[K^[m[K
[2.513s] In file included from [01m[K/home/akyatha/colcon_ws/src/husky_tf_broadcaster/src/husky_tf_broadcaster.cpp:8[m[K:
[2.513s] [01m[K/opt/ros/foxy/include/tf2_ros/static_transform_broadcaster.h:55:3:[m[K [01;36m[Knote: [m[Kcandidate: â€˜[01m[Ktemplate<class NodeT, class AllocatorT> tf2_ros::StaticTransformBroadcaster::StaticTransformBroadcaster(NodeT&&, const rclcpp::QoS&, const rclcpp::PublisherOptionsWithAllocator<AllocatorT>&)[m[Kâ€™
[2.514s]    55 |   [01;36m[KStaticTransformBroadcaster[m[K(
[2.514s]       |   [01;36m[K^~~~~~~~~~~~~~~~~~~~~~~~~~[m[K
[2.514s] [01m[K/opt/ros/foxy/include/tf2_ros/static_transform_broadcaster.h:55:3:[m[K [01;36m[Knote: [m[K  template argument deduction/substitution failed:
[2.514s] [01m[K/home/akyatha/colcon_ws/src/husky_tf_broadcaster/src/husky_tf_broadcaster.cpp:14:62:[m[K [01;36m[Knote: [m[K  candidate expects 3 arguments, 0 provided
[2.514s]    14 |     HuskyTransformBroadcaster() : Node("husky_tf_broadcaster"[01;36m[K)[m[K
[2.514s]       |                                                              [01;36m[K^[m[K
[2.514s] In file included from [01m[K/home/akyatha/colcon_ws/src/husky_tf_broadcaster/src/husky_tf_broadcaster.cpp:8[m[K:
[2.514s] [01m[K/opt/ros/foxy/include/tf2_ros/static_transform_broadcaster.h:51:7:[m[K [01;36m[Knote: [m[Kcandidate: â€˜[01m[Ktf2_ros::StaticTransformBroadcaster::StaticTransformBroadcaster(const tf2_ros::StaticTransformBroadcaster&)[m[Kâ€™
[2.515s]    51 | class [01;36m[KStaticTransformBroadcaster[m[K{
[2.515s]       |       [01;36m[K^~~~~~~~~~~~~~~~~~~~~~~~~~[m[K
[2.515s] [01m[K/opt/ros/foxy/include/tf2_ros/static_transform_broadcaster.h:51:7:[m[K [01;36m[Knote: [m[K  candidate expects 1 argument, 0 provided
[2.515s] [01m[K/opt/ros/foxy/include/tf2_ros/static_transform_broadcaster.h:51:7:[m[K [01;36m[Knote: [m[Kcandidate: â€˜[01m[Ktf2_ros::StaticTransformBroadcaster::StaticTransformBroadcaster(tf2_ros::StaticTransformBroadcaster&&)[m[Kâ€™
[2.515s] [01m[K/opt/ros/foxy/include/tf2_ros/static_transform_broadcaster.h:51:7:[m[K [01;36m[Knote: [m[K  candidate expects 1 argument, 0 provided
[4.493s] make[2]: *** [CMakeFiles/husky_tf_broadcaster.dir/build.make:63: CMakeFiles/husky_tf_broadcaster.dir/src/husky_tf_broadcaster.cpp.o] Error 1
[4.494s] make[1]: *** [CMakeFiles/Makefile2:78: CMakeFiles/husky_tf_broadcaster.dir/all] Error 2
[4.494s] make: *** [Makefile:141: all] Error 2
[4.496s] Invoked command in '/home/akyatha/colcon_ws/build/husky_tf_broadcaster' returned '2': CMAKE_PREFIX_PATH=/home/akyatha/colcon_ws/install/ros_tcp_endpoint:/opt/ros/foxy /usr/bin/cmake --build /home/akyatha/colcon_ws/build/husky_tf_broadcaster -- -j8 -l8
